<?xml version="1.0" encoding="UTF-8"?>
<!-- Generated by org.testng.reporters.JUnitXMLReporter -->
<testsuite ignored="2" hostname="Nikhil" failures="0" tests="2" name="Test" time="74.794" errors="0" timestamp="2023-03-02T10:49:53 IST">
  <testcase classname="Test_Tata_AIA_Classes.Test_Tata_AIA_With_Invalid_Mob_No" name="Verify_user_Should_Get_Error_Message_When_Mob_No_NotTenDigit_Or_Not_A_Proper_Number" time="0.166"/>
  <testcase classname="Test_Tata_AIA_Classes.Test_Tata_AIA_With_Valid_Name_And_Mob_No" name="Verify_create_user_With_Valid_Credentials" time="3.296"/>
  <testcase classname="Tata_AIA_Base_Class.Tata_AIA_Base_Class" name="@BeforeSuite setUp" time="0.0">
    <ignored/>
  </testcase> <!-- @BeforeSuite setUp -->
  <testcase classname="Tata_AIA_Base_Class.Tata_AIA_Base_Class" name="@AfterSuite tearDown" time="0.0">
    <ignored/>
  </testcase> <!-- @AfterSuite tearDown -->
</testsuite> <!-- Test -->
